<?xml version="1.0" encoding="UTF-8"?>
<testng-results ignored="0" total="2" passed="2" failed="0" skipped="0">
  <reporter-output>
  </reporter-output>
  <suite started-at="2021-09-05T18:45:56 IST" name="Default suite" finished-at="2021-09-05T18:45:56 IST" duration-ms="38">
    <groups>
    </groups>
    <test started-at="2021-09-05T18:45:56 IST" name="Default test" finished-at="2021-09-05T18:45:56 IST" duration-ms="38">
      <class name="mavenprojectdemo.firstdemo">
        <test-method signature="Second()[pri:0, instance:mavenprojectdemo.firstdemo@6e0dec4a]" started-at="2021-09-05T18:45:56 IST" name="Second" finished-at="2021-09-05T18:45:56 IST" duration-ms="8" status="PASS">
          <reporter-output>
          </reporter-output>
        </test-method> <!-- Second -->
        <test-method signature="first()[pri:0, instance:mavenprojectdemo.firstdemo@6e0dec4a]" started-at="2021-09-05T18:45:56 IST" name="first" finished-at="2021-09-05T18:45:56 IST" duration-ms="0" status="PASS">
          <reporter-output>
          </reporter-output>
        </test-method> <!-- first -->
      </class> <!-- mavenprojectdemo.firstdemo -->
    </test> <!-- Default test -->
  </suite> <!-- Default suite -->
</testng-results>
